[2026-04-08T12:54:31.727Z] ERROR: Folder not found: C:\Users\LENOVO\Downloads\archive
[2026-04-08T12:54:41.142Z] ERROR: Folder not found: C:\Users\LENOVO\Downloads\archive
[2026-04-08T12:56:30.236Z] Connecting to MongoDB...
[2026-04-08T12:56:30.323Z] Connected. Scanning folder: C:\Users\LENOVO\Downloads\archive (1)\911_first6sec
[2026-04-08T12:56:30.326Z] Found 707 audio files
[2026-04-08T12:56:30.373Z] Queued: call_100_0.wav
[2026-04-08T12:56:30.374Z] Queued: call_101_0.wav
[2026-04-08T12:56:30.381Z] Queued: call_102_0.wav
[2026-04-08T12:56:30.381Z] Progress: 3 / 707
[2026-04-08T12:56:30.401Z] Queued: call_104_0.wav
[2026-04-08T12:56:30.404Z] Queued: call_103_0.wav
[2026-04-08T12:56:30.405Z] Queued: call_104_1.wav
[2026-04-08T12:56:30.406Z] Progress: 6 / 707
[2026-04-08T12:56:30.427Z] Queued: call_105_0.wav
[2026-04-08T12:56:30.428Z] Queued: call_106_0.wav
[2026-04-08T12:56:30.429Z] Queued: call_106_1.wav
[2026-04-08T12:56:30.430Z] Progress: 9 / 707
[2026-04-08T12:56:30.456Z] Queued: call_106_2.wav
[2026-04-08T12:56:30.456Z] Queued: call_106_3.wav
[2026-04-08T12:56:30.457Z] Queued: call_107_0.wav
[2026-04-08T12:56:30.458Z] Progress: 12 / 707
[2026-04-08T12:56:30.471Z] Queued: call_108_0.wav
[2026-04-08T12:56:30.471Z] Queued: call_10_0.wav
[2026-04-08T12:56:30.473Z] Queued: call_109_0.wav
[2026-04-08T12:56:30.474Z] Progress: 15 / 707
[2026-04-08T12:56:30.484Z] Queued: call_111_0.wav
[2026-04-08T12:56:30.485Z] Queued: call_110_0.wav
[2026-04-08T12:56:30.486Z] Queued: call_112_0.wav
[2026-04-08T12:56:30.486Z] Progress: 18 / 707
[2026-04-08T12:56:30.502Z] Queued: call_115_0.wav
[2026-04-08T12:56:30.503Z] Queued: call_116_0.wav
[2026-04-08T12:56:30.503Z] Queued: call_114_0.wav
[2026-04-08T12:56:30.504Z] Progress: 21 / 707
[2026-04-08T12:56:30.512Z] Queued: call_119_0.wav
[2026-04-08T12:56:30.514Z] Queued: call_117_0.wav
[2026-04-08T12:56:30.514Z] Queued: call_118_0.wav
[2026-04-08T12:56:30.515Z] Progress: 24 / 707
[2026-04-08T12:56:30.525Z] Queued: call_122_0.wav
[2026-04-08T12:56:30.526Z] Queued: call_11_0.wav
[2026-04-08T12:56:30.527Z] Queued: call_123_0.wav
[2026-04-08T12:56:30.528Z] Progress: 27 / 707
[2026-04-08T12:56:30.539Z] Queued: call_125_0.wav
[2026-04-08T12:56:30.540Z] Queued: call_126_0.wav
[2026-04-08T12:56:30.541Z] Queued: call_124_0.wav
[2026-04-08T12:56:30.541Z] Progress: 30 / 707
[2026-04-08T12:56:30.553Z] Queued: call_127_1.wav
[2026-04-08T12:56:30.553Z] Queued: call_127_2.wav
[2026-04-08T12:56:30.554Z] Queued: call_127_0.wav
[2026-04-08T12:56:30.555Z] Progress: 33 / 707
[2026-04-08T12:56:30.565Z] Queued: call_130_0.wav
[2026-04-08T12:56:30.567Z] Queued: call_129_0.wav
[2026-04-08T12:56:30.567Z] Queued: call_12_0.wav
[2026-04-08T12:56:30.568Z] Progress: 36 / 707
[2026-04-08T12:56:30.577Z] Queued: call_131_0.wav
[2026-04-08T12:56:30.578Z] Queued: call_133_0.wav
[2026-04-08T12:56:30.579Z] Queued: call_132_0.wav
[2026-04-08T12:56:30.580Z] Progress: 39 / 707
[2026-04-08T12:56:30.590Z] Queued: call_136_0.wav
[2026-04-08T12:56:30.591Z] Queued: call_134_0.wav
[2026-04-08T12:56:30.591Z] Queued: call_135_0.wav
[2026-04-08T12:56:30.592Z] Progress: 42 / 707
[2026-04-08T12:56:30.602Z] Queued: call_139_0.wav
[2026-04-08T12:56:30.603Z] Queued: call_137_0.wav
[2026-04-08T12:56:30.604Z] Queued: call_138_0.wav
[2026-04-08T12:56:30.604Z] Progress: 45 / 707
[2026-04-08T12:56:30.613Z] Queued: call_13_0.wav
[2026-04-08T12:56:30.614Z] Queued: call_140_0.wav
[2026-04-08T12:56:30.615Z] Queued: call_141_0.wav
[2026-04-08T12:56:30.615Z] Progress: 48 / 707
[2026-04-08T12:56:30.623Z] Queued: call_145_0.wav
[2026-04-08T12:56:30.625Z] Queued: call_142_0.wav
[2026-04-08T12:56:30.627Z] Queued: call_144_0.wav
[2026-04-08T12:56:30.627Z] Progress: 51 / 707
[2026-04-08T12:56:30.639Z] Queued: call_147_0.wav
[2026-04-08T12:56:30.640Z] Queued: call_146_0.wav
[2026-04-08T12:56:30.641Z] Queued: call_148_0.wav
[2026-04-08T12:56:30.641Z] Progress: 54 / 707
[2026-04-08T12:56:30.651Z] Queued: call_153_0.wav
[2026-04-08T12:56:30.652Z] Queued: call_152_0.wav
[2026-04-08T12:56:30.653Z] Queued: call_154_0.wav
[2026-04-08T12:56:30.653Z] Progress: 57 / 707
[2026-04-08T12:56:30.663Z] Queued: call_156_0.wav
[2026-04-08T12:56:30.663Z] Queued: call_155_0.wav
[2026-04-08T12:56:30.664Z] Queued: call_157_0.wav
[2026-04-08T12:56:30.664Z] Progress: 60 / 707
[2026-04-08T12:56:30.673Z] Queued: call_157_1.wav
[2026-04-08T12:56:30.674Z] Queued: call_159_0.wav
[2026-04-08T12:56:30.675Z] Queued: call_158_0.wav
[2026-04-08T12:56:30.675Z] Progress: 63 / 707
[2026-04-08T12:56:30.685Z] Queued: call_160_0.wav
[2026-04-08T12:56:30.686Z] Queued: call_162_0.wav
[2026-04-08T12:56:30.686Z] Queued: call_15_0.wav
[2026-04-08T12:56:30.687Z] Progress: 66 / 707
[2026-04-08T12:56:30.697Z] Queued: call_165_0.wav
[2026-04-08T12:56:30.699Z] Queued: call_164_0.wav
[2026-04-08T12:56:30.700Z] Queued: call_163_0.wav
[2026-04-08T12:56:30.700Z] Progress: 69 / 707
[2026-04-08T12:56:30.711Z] Queued: call_167_0.wav
[2026-04-08T12:56:30.712Z] Queued: call_165_1.wav
[2026-04-08T12:56:30.713Z] Queued: call_168_0.wav
[2026-04-08T12:56:30.714Z] Progress: 72 / 707
[2026-04-08T12:56:30.723Z] Queued: call_16_0.wav
[2026-04-08T12:56:30.725Z] Queued: call_169_0.wav
[2026-04-08T12:56:30.726Z] Queued: call_170_0.wav
[2026-04-08T12:56:30.727Z] Progress: 75 / 707
[2026-04-08T12:56:30.737Z] Queued: call_172_0.wav
[2026-04-08T12:56:30.737Z] Queued: call_171_0.wav
[2026-04-08T12:56:30.739Z] Queued: call_173_0.wav
[2026-04-08T12:56:30.739Z] Progress: 78 / 707
[2026-04-08T12:56:30.750Z] Queued: call_174_0.wav
[2026-04-08T12:56:30.751Z] Queued: call_176_0.wav
[2026-04-08T12:56:30.751Z] Queued: call_175_0.wav
[2026-04-08T12:56:30.752Z] Progress: 81 / 707
[2026-04-08T12:56:30.765Z] Queued: call_177_0.wav
[2026-04-08T12:56:30.766Z] Queued: call_178_0.wav
[2026-04-08T12:56:30.768Z] Queued: call_179_0.wav
[2026-04-08T12:56:30.768Z] Progress: 84 / 707
[2026-04-08T12:56:30.780Z] Queued: call_179_1.wav
[2026-04-08T12:56:30.782Z] Queued: call_17_0.wav
[2026-04-08T12:56:30.783Z] Queued: call_180_0.wav
[2026-04-08T12:56:30.783Z] Progress: 87 / 707
[2026-04-08T12:56:30.796Z] Queued: call_181_0.wav
[2026-04-08T12:56:30.797Z] Queued: call_182_0.wav
[2026-04-08T12:56:30.798Z] Queued: call_183_0.wav
[2026-04-08T12:56:30.799Z] Progress: 90 / 707
[2026-04-08T12:56:30.810Z] Queued: call_184_0.wav
[2026-04-08T12:56:30.812Z] Queued: call_185_0.wav
[2026-04-08T12:56:30.812Z] Queued: call_186_0.wav
[2026-04-08T12:56:30.813Z] Progress: 93 / 707
[2026-04-08T12:56:30.825Z] Queued: call_187_0.wav
[2026-04-08T12:56:30.826Z] Queued: call_188_0.wav
[2026-04-08T12:56:30.827Z] Queued: call_189_0.wav
[2026-04-08T12:56:30.828Z] Progress: 96 / 707
[2026-04-08T12:56:30.840Z] Queued: call_18_0.wav
[2026-04-08T12:56:30.841Z] Queued: call_191_0.wav
[2026-04-08T12:56:30.842Z] Queued: call_190_0.wav
[2026-04-08T12:56:30.843Z] Progress: 99 / 707
[2026-04-08T12:56:30.853Z] Queued: call_192_0.wav
[2026-04-08T12:56:30.855Z] Queued: call_193_0.wav
[2026-04-08T12:56:30.855Z] Queued: call_194_0.wav
[2026-04-08T12:56:30.856Z] Progress: 102 / 707
[2026-04-08T12:56:30.866Z] Queued: call_196_0.wav
[2026-04-08T12:56:30.867Z] Queued: call_195_0.wav
[2026-04-08T12:56:30.868Z] Queued: call_197_0.wav
[2026-04-08T12:56:30.868Z] Progress: 105 / 707
[2026-04-08T12:56:30.878Z] Queued: call_198_0.wav
[2026-04-08T12:56:30.879Z] Queued: call_199_0.wav
[2026-04-08T12:56:30.880Z] Queued: call_19_0.wav
[2026-04-08T12:56:30.880Z] Progress: 108 / 707
[2026-04-08T12:56:30.891Z] Queued: call_201_0.wav
[2026-04-08T12:56:30.893Z] Queued: call_200_0.wav
[2026-04-08T12:56:30.893Z] Queued: call_203_0.wav
[2026-04-08T12:56:30.894Z] Progress: 111 / 707
[2026-04-08T12:56:30.904Z] Queued: call_205_0.wav
[2026-04-08T12:56:30.905Z] Queued: call_204_0.wav
[2026-04-08T12:56:30.906Z] Queued: call_206_0.wav
[2026-04-08T12:56:30.906Z] Progress: 114 / 707
[2026-04-08T12:56:30.916Z] Queued: call_20_0.wav
[2026-04-08T12:56:30.917Z] Queued: call_209_0.wav
[2026-04-08T12:56:30.918Z] Queued: call_208_0.wav
[2026-04-08T12:56:30.919Z] Progress: 117 / 707
[2026-04-08T12:56:30.929Z] Queued: call_212_0.wav
[2026-04-08T12:56:30.930Z] Queued: call_211_0.wav
[2026-04-08T12:56:30.931Z] Queued: call_210_0.wav
[2026-04-08T12:56:30.931Z] Progress: 120 / 707
[2026-04-08T12:56:30.941Z] Queued: call_214_0.wav
[2026-04-08T12:56:30.942Z] Queued: call_213_0.wav
[2026-04-08T12:56:30.943Z] Queued: call_215_0.wav
[2026-04-08T12:56:30.944Z] Progress: 123 / 707
[2026-04-08T12:56:30.955Z] Queued: call_217_0.wav
[2026-04-08T12:56:30.955Z] Queued: call_218_0.wav
[2026-04-08T12:56:30.956Z] Queued: call_216_0.wav
[2026-04-08T12:56:30.957Z] Progress: 126 / 707
[2026-04-08T12:56:30.968Z] Queued: call_21_0.wav
[2026-04-08T12:56:30.968Z] Queued: call_219_0.wav
[2026-04-08T12:56:30.969Z] Queued: call_219_1.wav
[2026-04-08T12:56:30.970Z] Progress: 129 / 707
[2026-04-08T12:56:30.980Z] Queued: call_221_1.wav
[2026-04-08T12:56:30.981Z] Queued: call_220_0.wav
[2026-04-08T12:56:30.982Z] Queued: call_221_0.wav
[2026-04-08T12:56:30.983Z] Progress: 132 / 707
[2026-04-08T12:56:30.992Z] Queued: call_222_0.wav
[2026-04-08T12:56:30.993Z] Queued: call_221_2.wav
[2026-04-08T12:56:30.994Z] Queued: call_223_0.wav
[2026-04-08T12:56:30.994Z] Progress: 135 / 707
[2026-04-08T12:56:31.003Z] Queued: call_225_0.wav
[2026-04-08T12:56:31.004Z] Queued: call_228_0.wav
[2026-04-08T12:56:31.004Z] Queued: call_224_0.wav
[2026-04-08T12:56:31.005Z] Progress: 138 / 707
[2026-04-08T12:56:31.014Z] Queued: call_229_0.wav
[2026-04-08T12:56:31.015Z] Queued: call_230_0.wav
[2026-04-08T12:56:31.016Z] Queued: call_231_0.wav
[2026-04-08T12:56:31.017Z] Progress: 141 / 707
[2026-04-08T12:56:31.027Z] Queued: call_234_0.wav
[2026-04-08T12:56:31.028Z] Queued: call_232_0.wav
[2026-04-08T12:56:31.029Z] Queued: call_233_0.wav
[2026-04-08T12:56:31.030Z] Progress: 144 / 707
[2026-04-08T12:56:31.039Z] Queued: call_235_0.wav
[2026-04-08T12:56:31.040Z] Queued: call_236_0.wav
[2026-04-08T12:56:31.041Z] Queued: call_237_0.wav
[2026-04-08T12:56:31.041Z] Progress: 147 / 707
[2026-04-08T12:56:31.050Z] Queued: call_238_0.wav
[2026-04-08T12:56:31.051Z] Queued: call_240_0.wav
[2026-04-08T12:56:31.051Z] Queued: call_241_0.wav
[2026-04-08T12:56:31.052Z] Progress: 150 / 707
[2026-04-08T12:56:31.061Z] Queued: call_244_0.wav
[2026-04-08T12:56:31.062Z] Queued: call_242_0.wav
[2026-04-08T12:56:31.062Z] Queued: call_243_0.wav
[2026-04-08T12:56:31.062Z] Progress: 153 / 707
[2026-04-08T12:56:31.072Z] Queued: call_246_1.wav
[2026-04-08T12:56:31.074Z] Queued: call_246_0.wav
[2026-04-08T12:56:31.075Z] Queued: call_245_0.wav
[2026-04-08T12:56:31.075Z] Progress: 156 / 707
[2026-04-08T12:56:31.086Z] Queued: call_248_0.wav
[2026-04-08T12:56:31.087Z] Queued: call_247_0.wav
[2026-04-08T12:56:31.088Z] Queued: call_249_0.wav
[2026-04-08T12:56:31.089Z] Progress: 159 / 707
[2026-04-08T12:56:31.097Z] Queued: call_251_0.wav
[2026-04-08T12:56:31.101Z] Queued: call_250_0.wav
[2026-04-08T12:56:31.102Z] Queued: call_252_0.wav
[2026-04-08T12:56:31.103Z] Progress: 162 / 707
[2026-04-08T12:56:31.112Z] Queued: call_253_0.wav
[2026-04-08T12:56:31.113Z] Queued: call_255_0.wav
[2026-04-08T12:56:31.114Z] Queued: call_254_0.wav
[2026-04-08T12:56:31.115Z] Progress: 165 / 707
[2026-04-08T12:56:31.124Z] Queued: call_256_0.wav
[2026-04-08T12:56:31.124Z] Queued: call_258_0.wav
[2026-04-08T12:56:31.125Z] Queued: call_257_0.wav
[2026-04-08T12:56:31.126Z] Progress: 168 / 707
[2026-04-08T12:56:31.135Z] Queued: call_263_0.wav
[2026-04-08T12:56:31.136Z] Queued: call_261_0.wav
[2026-04-08T12:56:31.136Z] Queued: call_262_0.wav
[2026-04-08T12:56:31.137Z] Progress: 171 / 707
[2026-04-08T12:56:31.146Z] Queued: call_263_1.wav
[2026-04-08T12:56:31.148Z] Queued: call_264_0.wav
[2026-04-08T12:56:31.148Z] Queued: call_265_0.wav
[2026-04-08T12:56:31.149Z] Progress: 174 / 707
[2026-04-08T12:56:31.157Z] Queued: call_266_0.wav
[2026-04-08T12:56:31.158Z] Queued: call_267_0.wav
[2026-04-08T12:56:31.159Z] Queued: call_268_0.wav
[2026-04-08T12:56:31.159Z] Progress: 177 / 707
[2026-04-08T12:56:31.169Z] Queued: call_269_0.wav
[2026-04-08T12:56:31.170Z] Queued: call_272_0.wav
[2026-04-08T12:56:31.170Z] Queued: call_271_0.wav
[2026-04-08T12:56:31.171Z] Progress: 180 / 707
[2026-04-08T12:56:31.179Z] Queued: call_274_0.wav
[2026-04-08T12:56:31.180Z] Queued: call_276_0.wav
[2026-04-08T12:56:31.180Z] Queued: call_275_0.wav
[2026-04-08T12:56:31.181Z] Progress: 183 / 707
[2026-04-08T12:56:31.190Z] Queued: call_278_0.wav
[2026-04-08T12:56:31.191Z] Queued: call_277_0.wav
[2026-04-08T12:56:31.192Z] Queued: call_279_0.wav
[2026-04-08T12:56:31.192Z] Progress: 186 / 707
[2026-04-08T12:56:31.202Z] Queued: call_27_0.wav
[2026-04-08T12:56:31.203Z] Queued: call_280_0.wav
[2026-04-08T12:56:31.204Z] Queued: call_282_0.wav
[2026-04-08T12:56:31.204Z] Progress: 189 / 707
[2026-04-08T12:56:31.213Z] Queued: call_284_0.wav
[2026-04-08T12:56:31.214Z] Queued: call_286_0.wav
[2026-04-08T12:56:31.215Z] Queued: call_283_0.wav
[2026-04-08T12:56:31.215Z] Progress: 192 / 707
[2026-04-08T12:56:31.223Z] Queued: call_286_3.wav
[2026-04-08T12:56:31.224Z] Queued: call_286_2.wav
[2026-04-08T12:56:31.225Z] Queued: call_286_1.wav
[2026-04-08T12:56:31.226Z] Progress: 195 / 707
[2026-04-08T12:56:31.235Z] Queued: call_287_0.wav
[2026-04-08T12:56:31.236Z] Queued: call_286_4.wav
[2026-04-08T12:56:31.237Z] Queued: call_286_5.wav
[2026-04-08T12:56:31.238Z] Progress: 198 / 707
[2026-04-08T12:56:31.248Z] Queued: call_289_0.wav
[2026-04-08T12:56:31.249Z] Queued: call_290_0.wav
[2026-04-08T12:56:31.250Z] Queued: call_28_0.wav
[2026-04-08T12:56:31.250Z] Progress: 201 / 707
[2026-04-08T12:56:31.260Z] Queued: call_292_1.wav
[2026-04-08T12:56:31.261Z] Queued: call_291_0.wav
[2026-04-08T12:56:31.262Z] Queued: call_292_0.wav
[2026-04-08T12:56:31.263Z] Progress: 204 / 707
[2026-04-08T12:56:31.273Z] Queued: call_293_0.wav
[2026-04-08T12:56:31.274Z] Queued: call_292_2.wav
[2026-04-08T12:56:31.274Z] Queued: call_292_3.wav
[2026-04-08T12:56:31.275Z] Progress: 207 / 707
[2026-04-08T12:56:31.285Z] Queued: call_295_0.wav
[2026-04-08T12:56:31.285Z] Queued: call_294_0.wav
[2026-04-08T12:56:31.287Z] Queued: call_296_0.wav
[2026-04-08T12:56:31.287Z] Progress: 210 / 707
[2026-04-08T12:56:31.298Z] Queued: call_298_0.wav
[2026-04-08T12:56:31.299Z] Queued: call_299_0.wav
[2026-04-08T12:56:31.300Z] Queued: call_297_0.wav
[2026-04-08T12:56:31.300Z] Progress: 213 / 707
[2026-04-08T12:56:31.310Z] Queued: call_301_0.wav
[2026-04-08T12:56:31.311Z] Queued: call_2_0.wav
[2026-04-08T12:56:31.311Z] Queued: call_300_0.wav
[2026-04-08T12:56:31.312Z] Progress: 216 / 707
[2026-04-08T12:56:31.321Z] Queued: call_302_0.wav
[2026-04-08T12:56:31.321Z] Queued: call_304_0.wav
[2026-04-08T12:56:31.323Z] Queued: call_303_0.wav
[2026-04-08T12:56:31.324Z] Progress: 219 / 707
[2026-04-08T12:56:31.332Z] Queued: call_305_0.wav
[2026-04-08T12:56:31.333Z] Queued: call_307_0.wav
[2026-04-08T12:56:31.333Z] Queued: call_308_0.wav
[2026-04-08T12:56:31.334Z] Progress: 222 / 707
[2026-04-08T12:56:31.342Z] Queued: call_308_1.wav
[2026-04-08T12:56:31.344Z] Queued: call_30_0.wav
[2026-04-08T12:56:31.344Z] Queued: call_309_0.wav
[2026-04-08T12:56:31.344Z] Progress: 225 / 707
[2026-04-08T12:56:31.352Z] Queued: call_310_0.wav
[2026-04-08T12:56:31.353Z] Queued: call_312_0.wav
[2026-04-08T12:56:31.354Z] Queued: call_311_0.wav
[2026-04-08T12:56:31.354Z] Progress: 228 / 707
[2026-04-08T12:56:31.361Z] Queued: call_315_0.wav
[2026-04-08T12:56:31.362Z] Queued: call_314_1.wav
[2026-04-08T12:56:31.363Z] Queued: call_314_0.wav
[2026-04-08T12:56:31.364Z] Progress: 231 / 707
[2026-04-08T12:56:31.372Z] Queued: call_318_0.wav
[2026-04-08T12:56:31.372Z] Queued: call_316_0.wav
[2026-04-08T12:56:31.373Z] Queued: call_319_0.wav
[2026-04-08T12:56:31.373Z] Progress: 234 / 707
[2026-04-08T12:56:31.381Z] Queued: call_31_0.wav
[2026-04-08T12:56:31.382Z] Queued: call_321_0.wav
[2026-04-08T12:56:31.382Z] Queued: call_320_0.wav
[2026-04-08T12:56:31.383Z] Progress: 237 / 707
[2026-04-08T12:56:31.391Z] Queued: call_322_0.wav
[2026-04-08T12:56:31.392Z] Queued: call_323_0.wav
[2026-04-08T12:56:31.392Z] Queued: call_326_0.wav
[2026-04-08T12:56:31.393Z] Progress: 240 / 707
[2026-04-08T12:56:31.402Z] Queued: call_328_0.wav
[2026-04-08T12:56:31.403Z] Queued: call_327_0.wav
[2026-04-08T12:56:31.404Z] Queued: call_329_0.wav
[2026-04-08T12:56:31.404Z] Progress: 243 / 707
[2026-04-08T12:56:31.412Z] Queued: call_331_0.wav
[2026-04-08T12:56:31.414Z] Queued: call_32_0.wav
[2026-04-08T12:56:31.415Z] Queued: call_333_0.wav
[2026-04-08T12:56:31.415Z] Progress: 246 / 707
[2026-04-08T12:56:31.422Z] Queued: call_336_0.wav
[2026-04-08T12:56:31.423Z] Queued: call_334_0.wav
[2026-04-08T12:56:31.424Z] Queued: call_335_0.wav
[2026-04-08T12:56:31.424Z] Progress: 249 / 707
[2026-04-08T12:56:31.434Z] Queued: call_33_0.wav
[2026-04-08T12:56:31.434Z] Queued: call_339_0.wav
[2026-04-08T12:56:31.435Z] Queued: call_337_0.wav
[2026-04-08T12:56:31.436Z] Progress: 252 / 707
[2026-04-08T12:56:31.442Z] Queued: call_341_1.wav
[2026-04-08T12:56:31.443Z] Queued: call_341_0.wav
[2026-04-08T12:56:31.444Z] Queued: call_340_0.wav
[2026-04-08T12:56:31.444Z] Progress: 255 / 707
[2026-04-08T12:56:31.452Z] Queued: call_342_0.wav
[2026-04-08T12:56:31.452Z] Queued: call_344_0.wav
[2026-04-08T12:56:31.453Z] Queued: call_341_2.wav
[2026-04-08T12:56:31.454Z] Progress: 258 / 707
[2026-04-08T12:56:31.460Z] Queued: call_346_0.wav
[2026-04-08T12:56:31.461Z] Queued: call_345_0.wav
[2026-04-08T12:56:31.462Z] Queued: call_344_1.wav
[2026-04-08T12:56:31.463Z] Progress: 261 / 707
[2026-04-08T12:56:31.470Z] Queued: call_347_0.wav
[2026-04-08T12:56:31.471Z] Queued: call_348_0.wav
[2026-04-08T12:56:31.471Z] Queued: call_347_1.wav
[2026-04-08T12:56:31.472Z] Progress: 264 / 707
[2026-04-08T12:56:31.480Z] Queued: call_34_0.wav
[2026-04-08T12:56:31.480Z] Queued: call_349_0.wav
[2026-04-08T12:56:31.481Z] Queued: call_350_0.wav
[2026-04-08T12:56:31.482Z] Progress: 267 / 707
[2026-04-08T12:56:31.489Z] Queued: call_351_0.wav
[2026-04-08T12:56:31.490Z] Queued: call_353_0.wav
[2026-04-08T12:56:31.491Z] Queued: call_352_0.wav
[2026-04-08T12:56:31.491Z] Progress: 270 / 707
[2026-04-08T12:56:31.499Z] Queued: call_355_0.wav
[2026-04-08T12:56:31.499Z] Queued: call_354_0.wav
[2026-04-08T12:56:31.500Z] Queued: call_356_0.wav
[2026-04-08T12:56:31.501Z] Progress: 273 / 707
[2026-04-08T12:56:31.508Z] Queued: call_358_0.wav
[2026-04-08T12:56:31.509Z] Queued: call_359_0.wav
[2026-04-08T12:56:31.510Z] Queued: call_357_0.wav
[2026-04-08T12:56:31.510Z] Progress: 276 / 707
[2026-04-08T12:56:31.519Z] Queued: call_35_0.wav
[2026-04-08T12:56:31.520Z] Queued: call_361_0.wav
[2026-04-08T12:56:31.521Z] Queued: call_362_0.wav
[2026-04-08T12:56:31.521Z] Progress: 279 / 707
[2026-04-08T12:56:31.531Z] Queued: call_364_0.wav
[2026-04-08T12:56:31.532Z] Queued: call_365_0.wav
[2026-04-08T12:56:31.533Z] Queued: call_366_0.wav
[2026-04-08T12:56:31.533Z] Progress: 282 / 707
[2026-04-08T12:56:31.543Z] Queued: call_370_0.wav
[2026-04-08T12:56:31.543Z] Queued: call_369_0.wav
[2026-04-08T12:56:31.544Z] Queued: call_36_0.wav
[2026-04-08T12:56:31.545Z] Progress: 285 / 707
[2026-04-08T12:56:31.553Z] Queued: call_372_0.wav
[2026-04-08T12:56:31.554Z] Queued: call_373_0.wav
[2026-04-08T12:56:31.554Z] Queued: call_371_0.wav
[2026-04-08T12:56:31.555Z] Progress: 288 / 707
[2026-04-08T12:56:31.562Z] Queued: call_374_0.wav
[2026-04-08T12:56:31.563Z] Queued: call_376_0.wav
[2026-04-08T12:56:31.563Z] Queued: call_375_0.wav
[2026-04-08T12:56:31.564Z] Progress: 291 / 707
[2026-04-08T12:56:31.572Z] Queued: call_379_0.wav
[2026-04-08T12:56:31.573Z] Queued: call_377_0.wav
[2026-04-08T12:56:31.574Z] Queued: call_378_0.wav
[2026-04-08T12:56:31.574Z] Progress: 294 / 707
[2026-04-08T12:56:31.582Z] Queued: call_380_0.wav
[2026-04-08T12:56:31.582Z] Queued: call_381_0.wav
[2026-04-08T12:56:31.583Z] Queued: call_37_0.wav
[2026-04-08T12:56:31.583Z] Progress: 297 / 707
[2026-04-08T12:56:31.591Z] Queued: call_382_0.wav
[2026-04-08T12:56:31.592Z] Queued: call_384_0.wav
[2026-04-08T12:56:31.593Z] Queued: call_383_0.wav
[2026-04-08T12:56:31.593Z] Progress: 300 / 707
[2026-04-08T12:56:31.602Z] Queued: call_385_0.wav
[2026-04-08T12:56:31.603Z] Queued: call_388_0.wav
[2026-04-08T12:56:31.603Z] Queued: call_387_0.wav
[2026-04-08T12:56:31.604Z] Progress: 303 / 707
[2026-04-08T12:56:31.611Z] Queued: call_390_0.wav
[2026-04-08T12:56:31.612Z] Queued: call_38_0.wav
[2026-04-08T12:56:31.613Z] Queued: call_389_0.wav
[2026-04-08T12:56:31.614Z] Progress: 306 / 707
[2026-04-08T12:56:31.620Z] Queued: call_391_0.wav
[2026-04-08T12:56:31.622Z] Queued: call_393_0.wav
[2026-04-08T12:56:31.622Z] Queued: call_392_0.wav
[2026-04-08T12:56:31.623Z] Progress: 309 / 707
[2026-04-08T12:56:31.630Z] Queued: call_395_1.wav
[2026-04-08T12:56:31.631Z] Queued: call_394_0.wav
[2026-04-08T12:56:31.632Z] Queued: call_395_0.wav
[2026-04-08T12:56:31.632Z] Progress: 312 / 707
[2026-04-08T12:56:31.639Z] Queued: call_399_0.wav
[2026-04-08T12:56:31.640Z] Queued: call_397_0.wav
[2026-04-08T12:56:31.641Z] Queued: call_398_0.wav
[2026-04-08T12:56:31.641Z] Progress: 315 / 707
[2026-04-08T12:56:31.650Z] Queued: call_400_0.wav
[2026-04-08T12:56:31.650Z] Queued: call_401_0.wav
[2026-04-08T12:56:31.651Z] Queued: call_402_0.wav
[2026-04-08T12:56:31.651Z] Progress: 318 / 707
[2026-04-08T12:56:31.659Z] Queued: call_404_0.wav
[2026-04-08T12:56:31.659Z] Queued: call_403_0.wav
[2026-04-08T12:56:31.660Z] Queued: call_402_1.wav
[2026-04-08T12:56:31.660Z] Progress: 321 / 707
[2026-04-08T12:56:31.669Z] Queued: call_407_0.wav
[2026-04-08T12:56:31.669Z] Queued: call_406_0.wav
[2026-04-08T12:56:31.670Z] Queued: call_405_0.wav
[2026-04-08T12:56:31.670Z] Progress: 324 / 707
[2026-04-08T12:56:31.678Z] Queued: call_411_0.wav
[2026-04-08T12:56:31.678Z] Queued: call_408_0.wav
[2026-04-08T12:56:31.679Z] Queued: call_409_0.wav
[2026-04-08T12:56:31.679Z] Progress: 327 / 707
[2026-04-08T12:56:31.688Z] Queued: call_412_0.wav
[2026-04-08T12:56:31.689Z] Queued: call_413_0.wav
[2026-04-08T12:56:31.690Z] Queued: call_414_0.wav
[2026-04-08T12:56:31.690Z] Progress: 330 / 707
[2026-04-08T12:56:31.698Z] Queued: call_415_0.wav
[2026-04-08T12:56:31.699Z] Queued: call_416_0.wav
[2026-04-08T12:56:31.699Z] Queued: call_417_0.wav
[2026-04-08T12:56:31.700Z] Progress: 333 / 707
[2026-04-08T12:56:31.709Z] Queued: call_421_0.wav
[2026-04-08T12:56:31.710Z] Queued: call_420_0.wav
[2026-04-08T12:56:31.711Z] Queued: call_418_0.wav
[2026-04-08T12:56:31.712Z] Progress: 336 / 707
[2026-04-08T12:56:31.720Z] Queued: call_422_0.wav
[2026-04-08T12:56:31.720Z] Queued: call_425_0.wav
[2026-04-08T12:56:31.721Z] Queued: call_423_0.wav
[2026-04-08T12:56:31.722Z] Progress: 339 / 707
[2026-04-08T12:56:31.730Z] Queued: call_425_1.wav
[2026-04-08T12:56:31.730Z] Queued: call_426_0.wav
[2026-04-08T12:56:31.732Z] Queued: call_427_0.wav
[2026-04-08T12:56:31.733Z] Progress: 342 / 707
[2026-04-08T12:56:31.740Z] Queued: call_428_0.wav
[2026-04-08T12:56:31.741Z] Queued: call_42_0.wav
[2026-04-08T12:56:31.742Z] Queued: call_429_0.wav
[2026-04-08T12:56:31.743Z] Progress: 345 / 707
[2026-04-08T12:56:31.751Z] Queued: call_434_0.wav
[2026-04-08T12:56:31.752Z] Queued: call_433_0.wav
[2026-04-08T12:56:31.753Z] Queued: call_430_0.wav
[2026-04-08T12:56:31.753Z] Progress: 348 / 707
[2026-04-08T12:56:31.760Z] Queued: call_437_0.wav
[2026-04-08T12:56:31.762Z] Queued: call_436_0.wav
[2026-04-08T12:56:31.763Z] Queued: call_435_0.wav
[2026-04-08T12:56:31.763Z] Progress: 351 / 707
[2026-04-08T12:56:31.773Z] Queued: call_43_0.wav
[2026-04-08T12:56:31.774Z] Queued: call_438_0.wav
[2026-04-08T12:56:31.775Z] Queued: call_439_0.wav
[2026-04-08T12:56:31.775Z] Progress: 354 / 707
[2026-04-08T12:56:31.784Z] Queued: call_440_0.wav
[2026-04-08T12:56:31.785Z] Queued: call_442_0.wav
[2026-04-08T12:56:31.787Z] Queued: call_441_0.wav
[2026-04-08T12:56:31.787Z] Progress: 357 / 707
[2026-04-08T12:56:31.797Z] Queued: call_443_0.wav
[2026-04-08T12:56:31.798Z] Queued: call_444_0.wav
[2026-04-08T12:56:31.799Z] Queued: call_445_0.wav
[2026-04-08T12:56:31.800Z] Progress: 360 / 707
[2026-04-08T12:56:31.809Z] Queued: call_446_0.wav
[2026-04-08T12:56:31.810Z] Queued: call_450_0.wav
[2026-04-08T12:56:31.811Z] Queued: call_447_0.wav
[2026-04-08T12:56:31.811Z] Progress: 363 / 707
[2026-04-08T12:56:31.820Z] Queued: call_451_0.wav
[2026-04-08T12:56:31.821Z] Queued: call_452_0.wav
[2026-04-08T12:56:31.822Z] Queued: call_453_0.wav
[2026-04-08T12:56:31.822Z] Progress: 366 / 707
[2026-04-08T12:56:31.830Z] Queued: call_454_0.wav
[2026-04-08T12:56:31.831Z] Queued: call_455_0.wav
[2026-04-08T12:56:31.832Z] Queued: call_456_0.wav
[2026-04-08T12:56:31.833Z] Progress: 369 / 707
[2026-04-08T12:56:31.842Z] Queued: call_458_0.wav
[2026-04-08T12:56:31.843Z] Queued: call_457_0.wav
[2026-04-08T12:56:31.844Z] Queued: call_459_0.wav
[2026-04-08T12:56:31.844Z] Progress: 372 / 707
[2026-04-08T12:56:31.853Z] Queued: call_460_0.wav
[2026-04-08T12:56:31.853Z] Queued: call_464_0.wav
[2026-04-08T12:56:31.854Z] Queued: call_462_0.wav
[2026-04-08T12:56:31.854Z] Progress: 375 / 707
[2026-04-08T12:56:31.862Z] Queued: call_467_0.wav
[2026-04-08T12:56:31.864Z] Queued: call_466_0.wav
[2026-04-08T12:56:31.866Z] Queued: call_465_0.wav
[2026-04-08T12:56:31.867Z] Progress: 378 / 707
[2026-04-08T12:56:31.875Z] Queued: call_46_0.wav
[2026-04-08T12:56:31.876Z] Queued: call_469_0.wav
[2026-04-08T12:56:31.877Z] Queued: call_468_0.wav
[2026-04-08T12:56:31.878Z] Progress: 381 / 707
[2026-04-08T12:56:31.886Z] Queued: call_46_1.wav
[2026-04-08T12:56:31.887Z] Queued: call_46_3.wav
[2026-04-08T12:56:31.887Z] Queued: call_46_2.wav
[2026-04-08T12:56:31.888Z] Progress: 384 / 707
[2026-04-08T12:56:31.897Z] Queued: call_46_4.wav
[2026-04-08T12:56:31.898Z] Queued: call_46_5.wav
[2026-04-08T12:56:31.899Z] Queued: call_470_0.wav
[2026-04-08T12:56:31.900Z] Progress: 387 / 707
[2026-04-08T12:56:31.908Z] Queued: call_472_0.wav
[2026-04-08T12:56:31.909Z] Queued: call_473_0.wav
[2026-04-08T12:56:31.910Z] Queued: call_471_0.wav
[2026-04-08T12:56:31.910Z] Progress: 390 / 707
[2026-04-08T12:56:31.920Z] Queued: call_475_0.wav
[2026-04-08T12:56:31.920Z] Queued: call_476_0.wav
[2026-04-08T12:56:31.922Z] Queued: call_474_0.wav
[2026-04-08T12:56:31.922Z] Progress: 393 / 707
[2026-04-08T12:56:31.933Z] Queued: call_47_0.wav
[2026-04-08T12:56:31.934Z] Queued: call_478_0.wav
[2026-04-08T12:56:31.935Z] Queued: call_477_0.wav
[2026-04-08T12:56:31.935Z] Progress: 396 / 707
[2026-04-08T12:56:31.945Z] Queued: call_480_0.wav
[2026-04-08T12:56:31.946Z] Queued: call_482_0.wav
[2026-04-08T12:56:31.947Z] Queued: call_481_0.wav
[2026-04-08T12:56:31.948Z] Progress: 399 / 707
[2026-04-08T12:56:31.957Z] Queued: call_484_0.wav
[2026-04-08T12:56:31.957Z] Queued: call_483_0.wav
[2026-04-08T12:56:31.958Z] Queued: call_485_0.wav
[2026-04-08T12:56:31.959Z] Progress: 402 / 707
[2026-04-08T12:56:31.969Z] Queued: call_486_0.wav
[2026-04-08T12:56:31.970Z] Queued: call_488_0.wav
[2026-04-08T12:56:31.970Z] Queued: call_487_0.wav
[2026-04-08T12:56:31.971Z] Progress: 405 / 707
[2026-04-08T12:56:31.979Z] Queued: call_48_0.wav
[2026-04-08T12:56:31.980Z] Queued: call_490_0.wav
[2026-04-08T12:56:31.981Z] Queued: call_489_0.wav
[2026-04-08T12:56:31.982Z] Progress: 408 / 707
[2026-04-08T12:56:31.992Z] Queued: call_493_0.wav
[2026-04-08T12:56:31.993Z] Queued: call_491_0.wav
[2026-04-08T12:56:31.993Z] Queued: call_492_0.wav
[2026-04-08T12:56:31.994Z] Progress: 411 / 707
[2026-04-08T12:56:32.005Z] Queued: call_494_0.wav
[2026-04-08T12:56:32.006Z] Queued: call_497_0.wav
[2026-04-08T12:56:32.007Z] Queued: call_496_0.wav
[2026-04-08T12:56:32.007Z] Progress: 414 / 707
[2026-04-08T12:56:32.016Z] Queued: call_49_0.wav
[2026-04-08T12:56:32.017Z] Queued: call_499_0.wav
[2026-04-08T12:56:32.018Z] Queued: call_498_0.wav
[2026-04-08T12:56:32.018Z] Progress: 417 / 707
[2026-04-08T12:56:32.028Z] Queued: call_502_0.wav
[2026-04-08T12:56:32.029Z] Queued: call_501_0.wav
[2026-04-08T12:56:32.029Z] Queued: call_503_0.wav
[2026-04-08T12:56:32.030Z] Progress: 420 / 707
[2026-04-08T12:56:32.041Z] Queued: call_507_0.wav
[2026-04-08T12:56:32.041Z] Queued: call_505_0.wav
[2026-04-08T12:56:32.042Z] Queued: call_508_0.wav
[2026-04-08T12:56:32.042Z] Progress: 423 / 707
[2026-04-08T12:56:32.052Z] Queued: call_513_0.wav
[2026-04-08T12:56:32.052Z] Queued: call_50_0.wav
[2026-04-08T12:56:32.053Z] Queued: call_510_0.wav
[2026-04-08T12:56:32.054Z] Progress: 426 / 707
[2026-04-08T12:56:32.063Z] Queued: call_514_0.wav
[2026-04-08T12:56:32.064Z] Queued: call_516_0.wav
[2026-04-08T12:56:32.065Z] Queued: call_515_0.wav
[2026-04-08T12:56:32.065Z] Progress: 429 / 707
[2026-04-08T12:56:32.075Z] Queued: call_517_0.wav
[2026-04-08T12:56:32.076Z] Queued: call_518_0.wav
[2026-04-08T12:56:32.077Z] Queued: call_519_0.wav
[2026-04-08T12:56:32.078Z] Progress: 432 / 707
[2026-04-08T12:56:32.087Z] Queued: call_523_0.wav
[2026-04-08T12:56:32.088Z] Queued: call_521_0.wav
[2026-04-08T12:56:32.089Z] Queued: call_520_0.wav
[2026-04-08T12:56:32.089Z] Progress: 435 / 707
[2026-04-08T12:56:32.097Z] Queued: call_524_0.wav
[2026-04-08T12:56:32.098Z] Queued: call_526_0.wav
[2026-04-08T12:56:32.099Z] Queued: call_525_0.wav
[2026-04-08T12:56:32.099Z] Progress: 438 / 707
[2026-04-08T12:56:32.107Z] Queued: call_529_0.wav
[2026-04-08T12:56:32.108Z] Queued: call_528_0.wav
[2026-04-08T12:56:32.109Z] Queued: call_527_0.wav
[2026-04-08T12:56:32.109Z] Progress: 441 / 707
[2026-04-08T12:56:32.117Z] Queued: call_52_0.wav
[2026-04-08T12:56:32.117Z] Queued: call_531_0.wav
[2026-04-08T12:56:32.118Z] Queued: call_530_0.wav
[2026-04-08T12:56:32.118Z] Progress: 444 / 707
[2026-04-08T12:56:32.127Z] Queued: call_533_0.wav
[2026-04-08T12:56:32.128Z] Queued: call_532_0.wav
[2026-04-08T12:56:32.129Z] Queued: call_534_0.wav
[2026-04-08T12:56:32.129Z] Progress: 447 / 707
[2026-04-08T12:56:32.139Z] Queued: call_535_0.wav
[2026-04-08T12:56:32.140Z] Queued: call_536_0.wav
[2026-04-08T12:56:32.141Z] Queued: call_537_0.wav
[2026-04-08T12:56:32.141Z] Progress: 450 / 707
[2026-04-08T12:56:32.151Z] Queued: call_540_0.wav
[2026-04-08T12:56:32.152Z] Queued: call_53_0.wav
[2026-04-08T12:56:32.153Z] Queued: call_541_0.wav
[2026-04-08T12:56:32.154Z] Progress: 453 / 707
[2026-04-08T12:56:32.163Z] Queued: call_543_0.wav
[2026-04-08T12:56:32.163Z] Queued: call_544_0.wav
[2026-04-08T12:56:32.164Z] Queued: call_542_0.wav
[2026-04-08T12:56:32.165Z] Progress: 456 / 707
[2026-04-08T12:56:32.173Z] Queued: call_547_0.wav
[2026-04-08T12:56:32.174Z] Queued: call_546_0.wav
[2026-04-08T12:56:32.174Z] Queued: call_545_0.wav
[2026-04-08T12:56:32.175Z] Progress: 459 / 707
[2026-04-08T12:56:32.184Z] Queued: call_548_0.wav
[2026-04-08T12:56:32.185Z] Queued: call_549_0.wav
[2026-04-08T12:56:32.186Z] Queued: call_549_1.wav
[2026-04-08T12:56:32.186Z] Progress: 462 / 707
[2026-04-08T12:56:32.196Z] Queued: call_550_0.wav
[2026-04-08T12:56:32.197Z] Queued: call_551_0.wav
[2026-04-08T12:56:32.197Z] Queued: call_54_0.wav
[2026-04-08T12:56:32.198Z] Progress: 465 / 707
[2026-04-08T12:56:32.207Z] Queued: call_552_2.wav
[2026-04-08T12:56:32.208Z] Queued: call_552_0.wav
[2026-04-08T12:56:32.208Z] Queued: call_552_1.wav
[2026-04-08T12:56:32.209Z] Progress: 468 / 707
[2026-04-08T12:56:32.221Z] Queued: call_552_5.wav
[2026-04-08T12:56:32.222Z] Queued: call_552_4.wav
[2026-04-08T12:56:32.223Z] Queued: call_552_3.wav
[2026-04-08T12:56:32.224Z] Progress: 471 / 707
[2026-04-08T12:56:32.234Z] Queued: call_553_0.wav
[2026-04-08T12:56:32.235Z] Queued: call_552_6.wav
[2026-04-08T12:56:32.236Z] Queued: call_554_0.wav
[2026-04-08T12:56:32.236Z] Progress: 474 / 707
[2026-04-08T12:56:32.246Z] Queued: call_557_0.wav
[2026-04-08T12:56:32.247Z] Queued: call_555_0.wav
[2026-04-08T12:56:32.248Z] Queued: call_556_0.wav
[2026-04-08T12:56:32.249Z] Progress: 477 / 707
[2026-04-08T12:56:32.258Z] Queued: call_560_0.wav
[2026-04-08T12:56:32.259Z] Queued: call_558_0.wav
[2026-04-08T12:56:32.260Z] Queued: call_559_0.wav
[2026-04-08T12:56:32.260Z] Progress: 480 / 707
[2026-04-08T12:56:32.269Z] Queued: call_560_3.wav
[2026-04-08T12:56:32.270Z] Queued: call_560_2.wav
[2026-04-08T12:56:32.270Z] Queued: call_560_1.wav
[2026-04-08T12:56:32.270Z] Progress: 483 / 707
[2026-04-08T12:56:32.278Z] Queued: call_563_0.wav
[2026-04-08T12:56:32.279Z] Queued: call_561_0.wav
[2026-04-08T12:56:32.279Z] Queued: call_562_0.wav
[2026-04-08T12:56:32.280Z] Progress: 486 / 707
[2026-04-08T12:56:32.287Z] Queued: call_564_0.wav
[2026-04-08T12:56:32.288Z] Queued: call_565_0.wav
[2026-04-08T12:56:32.289Z] Queued: call_566_0.wav
[2026-04-08T12:56:32.289Z] Progress: 489 / 707
[2026-04-08T12:56:32.298Z] Queued: call_566_1.wav
[2026-04-08T12:56:32.299Z] Queued: call_567_0.wav
[2026-04-08T12:56:32.299Z] Queued: call_566_2.wav
[2026-04-08T12:56:32.300Z] Progress: 492 / 707
[2026-04-08T12:56:32.308Z] Queued: call_568_0.wav
[2026-04-08T12:56:32.308Z] Queued: call_569_0.wav
[2026-04-08T12:56:32.309Z] Queued: call_56_0.wav
[2026-04-08T12:56:32.310Z] Progress: 495 / 707
[2026-04-08T12:56:32.318Z] Queued: call_571_0.wav
[2026-04-08T12:56:32.318Z] Queued: call_570_0.wav
[2026-04-08T12:56:32.319Z] Queued: call_572_0.wav
[2026-04-08T12:56:32.320Z] Progress: 498 / 707
[2026-04-08T12:56:32.330Z] Queued: call_573_0.wav
[2026-04-08T12:56:32.331Z] Queued: call_574_0.wav
[2026-04-08T12:56:32.332Z] Queued: call_575_0.wav
[2026-04-08T12:56:32.332Z] Progress: 501 / 707
[2026-04-08T12:56:32.340Z] Queued: call_578_0.wav
[2026-04-08T12:56:32.341Z] Queued: call_576_0.wav
[2026-04-08T12:56:32.342Z] Queued: call_577_0.wav
[2026-04-08T12:56:32.342Z] Progress: 504 / 707
[2026-04-08T12:56:32.350Z] Queued: call_579_0.wav
[2026-04-08T12:56:32.351Z] Queued: call_580_0.wav
[2026-04-08T12:56:32.352Z] Queued: call_57_0.wav
[2026-04-08T12:56:32.353Z] Progress: 507 / 707
[2026-04-08T12:56:32.360Z] Queued: call_582_0.wav
[2026-04-08T12:56:32.361Z] Queued: call_581_0.wav
[2026-04-08T12:56:32.362Z] Queued: call_583_0.wav
[2026-04-08T12:56:32.362Z] Progress: 510 / 707
[2026-04-08T12:56:32.372Z] Queued: call_584_0.wav
[2026-04-08T12:56:32.372Z] Queued: call_584_2.wav
[2026-04-08T12:56:32.373Z] Queued: call_584_1.wav
[2026-04-08T12:56:32.374Z] Progress: 513 / 707
[2026-04-08T12:56:32.383Z] Queued: call_587_0.wav
[2026-04-08T12:56:32.384Z] Queued: call_586_0.wav
[2026-04-08T12:56:32.385Z] Queued: call_585_0.wav
[2026-04-08T12:56:32.386Z] Progress: 516 / 707
[2026-04-08T12:56:32.395Z] Queued: call_589_0.wav
[2026-04-08T12:56:32.395Z] Queued: call_58_0.wav
[2026-04-08T12:56:32.396Z] Queued: call_588_0.wav
[2026-04-08T12:56:32.396Z] Progress: 519 / 707
[2026-04-08T12:56:32.404Z] Queued: call_591_0.wav
[2026-04-08T12:56:32.406Z] Queued: call_592_0.wav
[2026-04-08T12:56:32.407Z] Queued: call_590_0.wav
[2026-04-08T12:56:32.407Z] Progress: 522 / 707
[2026-04-08T12:56:32.415Z] Queued: call_593_0.wav
[2026-04-08T12:56:32.416Z] Queued: call_594_0.wav
[2026-04-08T12:56:32.416Z] Queued: call_595_0.wav
[2026-04-08T12:56:32.417Z] Progress: 525 / 707
[2026-04-08T12:56:32.425Z] Queued: call_596_0.wav
[2026-04-08T12:56:32.426Z] Queued: call_597_0.wav
[2026-04-08T12:56:32.427Z] Queued: call_598_0.wav
[2026-04-08T12:56:32.427Z] Progress: 528 / 707
[2026-04-08T12:56:32.435Z] Queued: call_599_0.wav
[2026-04-08T12:56:32.436Z] Queued: call_59_0.wav
[2026-04-08T12:56:32.436Z] Queued: call_600_0.wav
[2026-04-08T12:56:32.437Z] Progress: 531 / 707
[2026-04-08T12:56:32.445Z] Queued: call_603_0.wav
[2026-04-08T12:56:32.446Z] Queued: call_602_0.wav
[2026-04-08T12:56:32.447Z] Queued: call_601_0.wav
[2026-04-08T12:56:32.448Z] Progress: 534 / 707
[2026-04-08T12:56:32.455Z] Queued: call_604_2.wav
[2026-04-08T12:56:32.456Z] Queued: call_604_0.wav
[2026-04-08T12:56:32.457Z] Queued: call_604_1.wav
[2026-04-08T12:56:32.457Z] Progress: 537 / 707
[2026-04-08T12:56:32.465Z] Queued: call_605_2.wav
[2026-04-08T12:56:32.466Z] Queued: call_605_1.wav
[2026-04-08T12:56:32.467Z] Queued: call_605_0.wav
[2026-04-08T12:56:32.467Z] Progress: 540 / 707
[2026-04-08T12:56:32.475Z] Queued: call_606_0.wav
[2026-04-08T12:56:32.476Z] Queued: call_608_0.wav
[2026-04-08T12:56:32.477Z] Queued: call_607_0.wav
[2026-04-08T12:56:32.477Z] Progress: 543 / 707
[2026-04-08T12:56:32.486Z] Queued: call_611_0.wav
[2026-04-08T12:56:32.486Z] Queued: call_610_0.wav
[2026-04-08T12:56:32.487Z] Queued: call_60_0.wav
[2026-04-08T12:56:32.487Z] Progress: 546 / 707
[2026-04-08T12:56:32.495Z] Queued: call_612_0.wav
[2026-04-08T12:56:32.496Z] Queued: call_613_0.wav
[2026-04-08T12:56:32.497Z] Queued: call_614_0.wav
[2026-04-08T12:56:32.497Z] Progress: 549 / 707
[2026-04-08T12:56:32.506Z] Queued: call_615_0.wav
[2026-04-08T12:56:32.506Z] Queued: call_616_0.wav
[2026-04-08T12:56:32.507Z] Queued: call_617_0.wav
[2026-04-08T12:56:32.508Z] Progress: 552 / 707
[2026-04-08T12:56:32.517Z] Queued: call_61_0.wav
[2026-04-08T12:56:32.518Z] Queued: call_618_0.wav
[2026-04-08T12:56:32.519Z] Queued: call_620_0.wav
[2026-04-08T12:56:32.519Z] Progress: 555 / 707
[2026-04-08T12:56:32.529Z] Queued: call_623_0.wav
[2026-04-08T12:56:32.529Z] Queued: call_621_0.wav
[2026-04-08T12:56:32.530Z] Queued: call_622_0.wav
[2026-04-08T12:56:32.531Z] Progress: 558 / 707
[2026-04-08T12:56:32.539Z] Queued: call_624_0.wav
[2026-04-08T12:56:32.540Z] Queued: call_626_0.wav
[2026-04-08T12:56:32.540Z] Queued: call_625_0.wav
[2026-04-08T12:56:32.541Z] Progress: 561 / 707
[2026-04-08T12:56:32.550Z] Queued: call_627_0.wav
[2026-04-08T12:56:32.551Z] Queued: call_628_0.wav
[2026-04-08T12:56:32.552Z] Queued: call_629_0.wav
[2026-04-08T12:56:32.552Z] Progress: 564 / 707
[2026-04-08T12:56:32.561Z] Queued: call_631_1.wav
[2026-04-08T12:56:32.561Z] Queued: call_62_0.wav
[2026-04-08T12:56:32.562Z] Queued: call_631_0.wav
[2026-04-08T12:56:32.562Z] Progress: 567 / 707
[2026-04-08T12:56:32.571Z] Queued: call_633_0.wav
[2026-04-08T12:56:32.572Z] Queued: call_634_0.wav
[2026-04-08T12:56:32.572Z] Queued: call_635_0.wav
[2026-04-08T12:56:32.573Z] Progress: 570 / 707
[2026-04-08T12:56:32.581Z] Queued: call_637_0.wav
[2026-04-08T12:56:32.581Z] Queued: call_63_0.wav
[2026-04-08T12:56:32.582Z] Queued: call_638_0.wav
[2026-04-08T12:56:32.583Z] Progress: 573 / 707
[2026-04-08T12:56:32.592Z] Queued: call_642_0.wav
[2026-04-08T12:56:32.593Z] Queued: call_641_0.wav
[2026-04-08T12:56:32.594Z] Queued: call_641_1.wav
[2026-04-08T12:56:32.594Z] Progress: 576 / 707
[2026-04-08T12:56:32.605Z] Queued: call_643_1.wav
[2026-04-08T12:56:32.605Z] Queued: call_644_0.wav
[2026-04-08T12:56:32.606Z] Queued: call_643_0.wav
[2026-04-08T12:56:32.607Z] Progress: 579 / 707
[2026-04-08T12:56:32.615Z] Queued: call_646_0.wav
[2026-04-08T12:56:32.615Z] Queued: call_647_0.wav
[2026-04-08T12:56:32.616Z] Queued: call_645_0.wav
[2026-04-08T12:56:32.616Z] Progress: 582 / 707
[2026-04-08T12:56:32.624Z] Queued: call_649_0.wav
[2026-04-08T12:56:32.625Z] Queued: call_648_0.wav
[2026-04-08T12:56:32.625Z] Queued: call_64_0.wav
[2026-04-08T12:56:32.626Z] Progress: 585 / 707
[2026-04-08T12:56:32.635Z] Queued: call_652_0.wav
[2026-04-08T12:56:32.636Z] Queued: call_650_0.wav
[2026-04-08T12:56:32.636Z] Queued: call_651_0.wav
[2026-04-08T12:56:32.637Z] Progress: 588 / 707
[2026-04-08T12:56:32.643Z] Queued: call_652_1.wav
[2026-04-08T12:56:32.645Z] Queued: call_654_0.wav
[2026-04-08T12:56:32.645Z] Queued: call_653_0.wav
[2026-04-08T12:56:32.645Z] Progress: 591 / 707
[2026-04-08T12:56:32.652Z] Queued: call_656_0.wav
[2026-04-08T12:56:32.654Z] Queued: call_656_1.wav
[2026-04-08T12:56:32.655Z] Queued: call_657_0.wav
[2026-04-08T12:56:32.656Z] Progress: 594 / 707
[2026-04-08T12:56:32.665Z] Queued: call_659_0.wav
[2026-04-08T12:56:32.666Z] Queued: call_660_0.wav
[2026-04-08T12:56:32.667Z] Queued: call_65_0.wav
[2026-04-08T12:56:32.668Z] Progress: 597 / 707
[2026-04-08T12:56:32.676Z] Queued: call_661_0.wav
[2026-04-08T12:56:32.677Z] Queued: call_664_0.wav
[2026-04-08T12:56:32.677Z] Queued: call_662_0.wav
[2026-04-08T12:56:32.678Z] Progress: 600 / 707
[2026-04-08T12:56:32.685Z] Queued: call_667_0.wav
[2026-04-08T12:56:32.687Z] Queued: call_666_0.wav
[2026-04-08T12:56:32.687Z] Queued: call_665_0.wav
[2026-04-08T12:56:32.687Z] Progress: 603 / 707
[2026-04-08T12:56:32.696Z] Queued: call_66_0.wav
[2026-04-08T12:56:32.697Z] Queued: call_668_0.wav
[2026-04-08T12:56:32.698Z] Queued: call_669_0.wav
[2026-04-08T12:56:32.698Z] Progress: 606 / 707
[2026-04-08T12:56:32.705Z] Queued: call_673_0.wav
[2026-04-08T12:56:32.706Z] Queued: call_671_0.wav
[2026-04-08T12:56:32.707Z] Queued: call_670_0.wav
[2026-04-08T12:56:32.707Z] Progress: 609 / 707
[2026-04-08T12:56:32.717Z] Queued: call_674_0.wav
[2026-04-08T12:56:32.718Z] Queued: call_675_0.wav
[2026-04-08T12:56:32.719Z] Queued: call_676_0.wav
[2026-04-08T12:56:32.719Z] Progress: 612 / 707
[2026-04-08T12:56:32.728Z] Queued: call_677_0.wav
[2026-04-08T12:56:32.729Z] Queued: call_679_0.wav
[2026-04-08T12:56:32.729Z] Queued: call_678_0.wav
[2026-04-08T12:56:32.730Z] Progress: 615 / 707
[2026-04-08T12:56:32.738Z] Queued: call_67_0.wav
[2026-04-08T12:56:32.740Z] Queued: call_680_1.wav
[2026-04-08T12:56:32.740Z] Queued: call_680_0.wav
[2026-04-08T12:56:32.741Z] Progress: 618 / 707
[2026-04-08T12:56:32.749Z] Queued: call_681_0.wav
[2026-04-08T12:56:32.749Z] Queued: call_683_0.wav
[2026-04-08T12:56:32.750Z] Queued: call_682_0.wav
[2026-04-08T12:56:32.751Z] Progress: 621 / 707
[2026-04-08T12:56:32.759Z] Queued: call_684_0.wav
[2026-04-08T12:56:32.760Z] Queued: call_685_0.wav
[2026-04-08T12:56:32.761Z] Queued: call_686_0.wav
[2026-04-08T12:56:32.761Z] Progress: 624 / 707
[2026-04-08T12:56:32.769Z] Queued: call_68_0.wav
[2026-04-08T12:56:32.770Z] Queued: call_688_0.wav
[2026-04-08T12:56:32.770Z] Queued: call_689_0.wav
[2026-04-08T12:56:32.771Z] Progress: 627 / 707
[2026-04-08T12:56:32.780Z] Queued: call_690_0.wav
[2026-04-08T12:56:32.782Z] Queued: call_691_0.wav
[2026-04-08T12:56:32.782Z] Queued: call_691_1.wav
[2026-04-08T12:56:32.782Z] Progress: 630 / 707
[2026-04-08T12:56:32.790Z] Queued: call_694_0.wav
[2026-04-08T12:56:32.791Z] Queued: call_695_0.wav
[2026-04-08T12:56:32.792Z] Queued: call_692_0.wav
[2026-04-08T12:56:32.793Z] Progress: 633 / 707
[2026-04-08T12:56:32.802Z] Queued: call_697_0.wav
[2026-04-08T12:56:32.803Z] Queued: call_696_0.wav
[2026-04-08T12:56:32.804Z] Queued: call_698_0.wav
[2026-04-08T12:56:32.804Z] Progress: 636 / 707
[2026-04-08T12:56:32.813Z] Queued: call_69_0.wav
[2026-04-08T12:56:32.814Z] Queued: call_700_0.wav
[2026-04-08T12:56:32.815Z] Queued: call_702_0.wav
[2026-04-08T12:56:32.816Z] Progress: 639 / 707
[2026-04-08T12:56:32.824Z] Queued: call_703_1.wav
[2026-04-08T12:56:32.825Z] Queued: call_703_0.wav
[2026-04-08T12:56:32.826Z] Queued: call_704_0.wav
[2026-04-08T12:56:32.826Z] Progress: 642 / 707
[2026-04-08T12:56:32.836Z] Queued: call_706_0.wav
[2026-04-08T12:56:32.837Z] Queued: call_705_0.wav
[2026-04-08T12:56:32.837Z] Queued: call_707_0.wav
[2026-04-08T12:56:32.838Z] Progress: 645 / 707
[2026-04-08T12:56:32.846Z] Queued: call_70_0.wav
[2026-04-08T12:56:32.846Z] Queued: call_708_0.wav
[2026-04-08T12:56:32.847Z] Queued: call_709_0.wav
[2026-04-08T12:56:32.848Z] Progress: 648 / 707
[2026-04-08T12:56:32.858Z] Queued: call_712_0.wav
[2026-04-08T12:56:32.858Z] Queued: call_711_0.wav
[2026-04-08T12:56:32.859Z] Queued: call_710_0.wav
[2026-04-08T12:56:32.859Z] Progress: 651 / 707
[2026-04-08T12:56:32.867Z] Queued: call_713_0.wav
[2026-04-08T12:56:32.868Z] Queued: call_714_0.wav
[2026-04-08T12:56:32.869Z] Queued: call_715_0.wav
[2026-04-08T12:56:32.870Z] Progress: 654 / 707
[2026-04-08T12:56:32.878Z] Queued: call_716_0.wav
[2026-04-08T12:56:32.878Z] Queued: call_718_0.wav
[2026-04-08T12:56:32.879Z] Queued: call_717_0.wav
[2026-04-08T12:56:32.879Z] Progress: 657 / 707
[2026-04-08T12:56:32.886Z] Queued: call_71_0.wav
[2026-04-08T12:56:32.887Z] Queued: call_719_0.wav
[2026-04-08T12:56:32.888Z] Queued: call_720_0.wav
[2026-04-08T12:56:32.889Z] Progress: 660 / 707
[2026-04-08T12:56:32.897Z] Queued: call_723_0.wav
[2026-04-08T12:56:32.898Z] Queued: call_722_0.wav
[2026-04-08T12:56:32.899Z] Queued: call_725_0.wav
[2026-04-08T12:56:32.899Z] Progress: 663 / 707
[2026-04-08T12:56:32.908Z] Queued: call_727_0.wav
[2026-04-08T12:56:32.908Z] Queued: call_728_0.wav
[2026-04-08T12:56:32.909Z] Queued: call_726_0.wav
[2026-04-08T12:56:32.910Z] Progress: 666 / 707
[2026-04-08T12:56:32.918Z] Queued: call_72_0.wav
[2026-04-08T12:56:32.919Z] Queued: call_728_1.wav
[2026-04-08T12:56:32.920Z] Queued: call_729_0.wav
[2026-04-08T12:56:32.920Z] Progress: 669 / 707
[2026-04-08T12:56:32.928Z] Queued: call_731_0.wav
[2026-04-08T12:56:32.928Z] Queued: call_730_0.wav
[2026-04-08T12:56:32.929Z] Queued: call_732_0.wav
[2026-04-08T12:56:32.929Z] Progress: 672 / 707
[2026-04-08T12:56:32.937Z] Queued: call_734_0.wav
[2026-04-08T12:56:32.938Z] Queued: call_735_0.wav
[2026-04-08T12:56:32.939Z] Queued: call_736_0.wav
[2026-04-08T12:56:32.940Z] Progress: 675 / 707
[2026-04-08T12:56:32.948Z] Queued: call_73_0.wav
[2026-04-08T12:56:32.949Z] Queued: call_737_0.wav
[2026-04-08T12:56:32.950Z] Queued: call_739_0.wav
[2026-04-08T12:56:32.950Z] Progress: 678 / 707
[2026-04-08T12:56:32.959Z] Queued: call_740_0.wav
[2026-04-08T12:56:32.960Z] Queued: call_742_0.wav
[2026-04-08T12:56:32.961Z] Queued: call_741_0.wav
[2026-04-08T12:56:32.961Z] Progress: 681 / 707
[2026-04-08T12:56:32.973Z] Queued: call_75_0.wav
[2026-04-08T12:56:32.974Z] Queued: call_74_0.wav
[2026-04-08T12:56:32.975Z] Queued: call_743_0.wav
[2026-04-08T12:56:32.975Z] Progress: 684 / 707
[2026-04-08T12:56:32.984Z] Queued: call_79_0.wav
[2026-04-08T12:56:32.985Z] Queued: call_76_0.wav
[2026-04-08T12:56:32.986Z] Queued: call_77_0.wav
[2026-04-08T12:56:32.987Z] Progress: 687 / 707
[2026-04-08T12:56:32.996Z] Queued: call_81_0.wav
[2026-04-08T12:56:32.996Z] Queued: call_83_0.wav
[2026-04-08T12:56:32.997Z] Queued: call_80_0.wav
[2026-04-08T12:56:32.998Z] Progress: 690 / 707
[2026-04-08T12:56:33.006Z] Queued: call_86_0.wav
[2026-04-08T12:56:33.008Z] Queued: call_85_0.wav
[2026-04-08T12:56:33.008Z] Queued: call_87_0.wav
[2026-04-08T12:56:33.009Z] Progress: 693 / 707
[2026-04-08T12:56:33.017Z] Queued: call_8_0.wav
[2026-04-08T12:56:33.017Z] Queued: call_89_0.wav
[2026-04-08T12:56:33.018Z] Queued: call_88_0.wav
[2026-04-08T12:56:33.019Z] Progress: 696 / 707
[2026-04-08T12:56:33.027Z] Queued: call_91_0.wav
[2026-04-08T12:56:33.028Z] Queued: call_90_0.wav
[2026-04-08T12:56:33.029Z] Queued: call_92_0.wav
[2026-04-08T12:56:33.029Z] Progress: 699 / 707
[2026-04-08T12:56:33.037Z] Queued: call_93_0.wav
[2026-04-08T12:56:33.038Z] Queued: call_94_0.wav
[2026-04-08T12:56:33.039Z] Queued: call_95_0.wav
[2026-04-08T12:56:33.039Z] Progress: 702 / 707
[2026-04-08T12:56:33.049Z] Queued: call_96_0.wav
[2026-04-08T12:56:33.050Z] Queued: call_97_0.wav
[2026-04-08T12:56:33.051Z] Queued: call_98_0.wav
[2026-04-08T12:56:33.052Z] Progress: 705 / 707
[2026-04-08T12:56:33.060Z] Queued: call_99_0.wav
[2026-04-08T12:56:33.060Z] Queued: call_9_0.wav
[2026-04-08T12:56:33.061Z] Progress: 707 / 707
[2026-04-08T12:56:33.061Z] Finished — Done: 707, Skipped: 0, Errors: 0
[2026-04-08T12:56:33.067Z] Disconnected.
